26/06/2014 4:59:17 AM 
26/06/2014 4:59:17 AM [34] Start to Process Voucher Generation Request
26/06/2014 4:59:17 AM [34] ID found
26/06/2014 4:59:17 AM [34] CSV File Found and Header is valid...
26/06/2014 4:59:18 AM [34] All vouchers Generated
26/06/2014 4:59:18 AM [34] Zipping Vouchers...
26/06/2014 4:59:19 AM [34] Completed
26/06/2014 6:02:13 AM 
26/06/2014 6:02:13 AM [36] Start to Process Voucher Generation Request
26/06/2014 6:02:13 AM [36] ID found
26/06/2014 6:02:13 AM [36] CSV File Found and Header is valid...
26/06/2014 6:02:14 AM [36] All vouchers Generated
26/06/2014 6:02:14 AM [36] Zipping Vouchers...
26/06/2014 6:02:15 AM [36] Completed
26/06/2014 6:38:41 AM 
26/06/2014 6:38:41 AM [35] Start to Process Voucher Generation Request
26/06/2014 6:38:41 AM [35] ID found
26/06/2014 6:38:41 AM [35] CSV File Found and Header is valid...
26/06/2014 6:38:42 AM [35] All vouchers Generated
26/06/2014 6:38:42 AM [35] Zipping Vouchers...
26/06/2014 6:38:43 AM [35] Completed
26/06/2014 6:56:35 AM 
26/06/2014 6:56:35 AM [33] Start to Process Voucher Generation Request
26/06/2014 6:56:35 AM [33] ID found
26/06/2014 6:56:35 AM [33] CSV File Found and Header is valid...
26/06/2014 6:56:36 AM [33] All vouchers Generated
26/06/2014 6:56:36 AM [33] Zipping Vouchers...
26/06/2014 6:56:37 AM [33] Completed
26/06/2014 7:10:40 AM 
26/06/2014 7:10:40 AM [33] Start to Process Voucher Generation Request
26/06/2014 7:10:40 AM [33] ID found
26/06/2014 7:10:40 AM [33] CSV File Found and Header is valid...
26/06/2014 7:10:41 AM [33] All vouchers Generated
26/06/2014 7:10:41 AM [33] Zipping Vouchers...
26/06/2014 7:10:42 AM [33] Completed
27/06/2014 12:19:38 AM 
27/06/2014 12:19:38 AM [37] Start to Process Voucher Generation Request
27/06/2014 12:19:38 AM [37] ID found
27/06/2014 12:19:38 AM [37] CSV File Found and Header is valid...
27/06/2014 12:19:39 AM [37] All vouchers Generated
27/06/2014 12:19:39 AM [37] Zipping Vouchers...
27/06/2014 12:19:40 AM [37] Completed
27/06/2014 12:23:13 AM 
27/06/2014 12:23:15 AM [38] Start to Process Voucher Generation Request
27/06/2014 12:23:15 AM [38] ID found
27/06/2014 12:23:15 AM [38] Error - CSV File Not Found
27/06/2014 12:23:15 AM [38] Process Stopped
27/06/2014 1:56:33 AM 
27/06/2014 1:56:33 AM [39] Start to Process Voucher Generation Request
27/06/2014 1:56:33 AM [39] ID found
27/06/2014 1:56:33 AM [39] CSV File Found and Header is valid...
27/06/2014 1:56:34 AM [39] All vouchers Generated
27/06/2014 1:56:34 AM [39] Zipping Vouchers...
27/06/2014 1:56:35 AM [39] Completed
27/06/2014 2:28:06 AM 
27/06/2014 2:28:06 AM [40] Start to Process Voucher Generation Request
27/06/2014 2:28:06 AM [40] ID found
27/06/2014 2:28:07 AM [40] CSV File Found and Header is valid...
27/06/2014 2:28:08 AM [40] All vouchers Generated
27/06/2014 2:28:08 AM [40] Zipping Vouchers...
27/06/2014 2:28:09 AM [40] Completed
27/06/2014 2:31:10 AM 
27/06/2014 2:31:11 AM [39] Start to Process Voucher Generation Request
27/06/2014 2:31:12 AM [39] ID found
27/06/2014 2:31:13 AM [39] CSV File Found and Header is valid...
27/06/2014 2:31:14 AM [39] All vouchers Generated
27/06/2014 2:31:14 AM [39] Zipping Vouchers...
27/06/2014 2:31:14 AM [39] Completed
27/06/2014 2:38:04 AM 
27/06/2014 2:38:04 AM [41] Start to Process Voucher Generation Request
27/06/2014 2:38:04 AM [41] ID found
27/06/2014 2:38:04 AM [41] CSV File Found and Header is valid...
27/06/2014 2:38:05 AM [41] All vouchers Generated
27/06/2014 2:38:05 AM [41] Zipping Vouchers...
27/06/2014 2:38:07 AM [41] Completed
27/06/2014 3:18:52 AM [1997] My test AsynchronousMethod is being invoked : Chris I waited for 1000
27/06/2014 7:35:53 AM [1997] My test AsynchronousMethod is being invoked : Chris I waited for 1000
27/06/2014 7:36:00 AM [1997] My test AsynchronousMethod is being invoked : Chris I waited for 3000
27/06/2014 7:36:07 AM [1997] My test AsynchronousMethod is being invoked : Chris I waited for 3000
27/06/2014 7:41:36 AM [1997] My test AsynchronousMethod is being invoked : Chris I waited for 1000
27/06/2014 7:41:40 AM [1997] My test AsynchronousMethod is being invoked : Chris I waited for 1000
27/06/2014 7:41:43 AM [1997] My test AsynchronousMethod is being invoked : Chris I waited for 1000
27/06/2014 7:41:51 AM 
27/06/2014 7:41:51 AM [42] Start to Process Voucher Generation Request
27/06/2014 7:41:51 AM [42] ID found
27/06/2014 7:41:51 AM [42] CSV File Found and Header is valid...
27/06/2014 7:41:53 AM [42] All vouchers Generated
27/06/2014 7:41:53 AM [42] Zipping Vouchers...
27/06/2014 7:41:53 AM [42] Completed
27/06/2014 7:42:54 AM 
27/06/2014 7:42:54 AM [43] Start to Process Voucher Generation Request
27/06/2014 7:42:54 AM [43] ID found
27/06/2014 7:42:55 AM [43] CSV File Found and Header is valid...
27/06/2014 7:42:55 AM [43] All vouchers Generated
27/06/2014 7:42:55 AM [43] Zipping Vouchers...
27/06/2014 7:42:56 AM [43] Completed
27/06/2014 7:46:44 AM 
27/06/2014 7:46:44 AM [44] Start to Process Voucher Generation Request
27/06/2014 7:46:44 AM [44] ID found
27/06/2014 7:46:44 AM [44] CSV File Found and Header is valid...
27/06/2014 7:46:47 AM [44] All vouchers Generated
27/06/2014 7:46:47 AM [44] Zipping Vouchers...
27/06/2014 7:46:48 AM [44] Completed
30/06/2014 1:25:28 AM 
30/06/2014 1:25:28 AM [45] Start to Process Voucher Generation Request
30/06/2014 1:25:28 AM [45] ID found
30/06/2014 1:25:28 AM [45] CSV File Found and Header is valid...
30/06/2014 1:26:12 AM [45] All vouchers Generated
30/06/2014 1:26:12 AM [45] Zipping Vouchers...
30/06/2014 1:26:30 AM [45] Completed
30/06/2014 1:31:54 AM [1997] My test AsynchronousMethod is being invoked : Chris I waited for 1000
30/06/2014 1:32:04 AM [1997] My test AsynchronousMethod is being invoked : Chris I waited for 30000
30/06/2014 1:32:50 AM [1997] My test AsynchronousMethod is being invoked : Chris I waited for 30000
30/06/2014 1:37:57 AM [1997] My test AsynchronousMethod is being invoked : Chris I waited for 30000
30/06/2014 1:38:49 AM 
30/06/2014 1:38:49 AM [46] Start to Process Voucher Generation Request
30/06/2014 1:38:49 AM [46] ID found
30/06/2014 1:38:49 AM [46] CSV File Found and Header is valid...
30/06/2014 1:38:51 AM [46] All vouchers Generated
30/06/2014 1:38:52 AM [46] Zipping Vouchers...
30/06/2014 1:38:54 AM [46] Completed
30/06/2014 1:39:20 AM 
30/06/2014 1:39:20 AM [47] Start to Process Voucher Generation Request
30/06/2014 1:39:20 AM [47] ID found
30/06/2014 1:39:21 AM [47] CSV File Found and Header is valid...
30/06/2014 1:40:30 AM [47] All vouchers Generated
30/06/2014 1:40:30 AM [47] Zipping Vouchers...
30/06/2014 1:40:44 AM [47] Completed
30/06/2014 1:42:22 AM [1997] My test AsynchronousMethod is being invoked : Chris I waited for 30000
1/07/2014 12:55:21 AM 
1/07/2014 12:55:21 AM [48] Start to Process Voucher Generation Request
1/07/2014 12:55:21 AM [48] ID found
1/07/2014 12:55:21 AM [48] CSV File Found and Header is valid...
1/07/2014 12:55:24 AM [48] All vouchers Generated
1/07/2014 12:55:24 AM [48] Zipping Vouchers...
1/07/2014 12:55:24 AM [48] Completed
1/07/2014 5:56:08 AM 
1/07/2014 5:56:08 AM [49] Start to Process Voucher Generation Request
1/07/2014 5:56:08 AM [49] ID found
1/07/2014 5:56:08 AM [49] CSV File Found and Header is valid...
1/07/2014 5:56:09 AM [49] All vouchers Generated
1/07/2014 5:56:09 AM [49] Zipping Vouchers...
1/07/2014 5:56:10 AM [49] Completed
1/07/2014 5:56:20 AM 
1/07/2014 5:56:20 AM [50] Start to Process Voucher Generation Request
1/07/2014 5:56:20 AM [50] ID found
1/07/2014 5:56:20 AM [50] CSV File Found and Header is valid...
1/07/2014 5:56:21 AM [50] All vouchers Generated
1/07/2014 5:56:21 AM [50] Zipping Vouchers...
1/07/2014 5:56:21 AM [50] Completed
1/07/2014 6:02:04 AM 
1/07/2014 6:02:04 AM [51] Start to Process Voucher Generation Request
1/07/2014 6:02:04 AM [51] ID found
1/07/2014 6:02:04 AM [51] CSV File Found and Header is valid...
1/07/2014 6:02:06 AM [51] All vouchers Generated
1/07/2014 6:02:06 AM [51] Zipping Vouchers...
1/07/2014 6:02:08 AM [51] Completed
7/07/2014 3:27:21 AM [1997] My test AsynchronousMethod is being invoked : Chris I waited for 1000
9/07/2014 12:20:41 AM 
9/07/2014 12:20:41 AM [52] Start to Process Voucher Generation Request
9/07/2014 12:20:41 AM [52] ID found
9/07/2014 12:20:41 AM [52] CSV File Found and Header is valid...
9/07/2014 12:20:45 AM [52] All vouchers Generated
9/07/2014 12:20:45 AM [52] Zipping Vouchers...
9/07/2014 12:20:45 AM [52] Completed
